<?xml version="1.0" encoding="UTF-8"?>
<!-- Generated by org.testng.reporters.JUnitXMLReporter -->
<testsuite ignored="0" hostname="DESKTOP-JMBCUKC" failures="0" tests="7" name="JupiterToys_Tests" time="127.864" errors="0" timestamp="2025-03-01T01:18:45 ACDT">
  <testcase classname="Jupitertoys_pckg.JupiterToysTests" name="testContactForm" time="7.294"/>
  <testcase classname="Jupitertoys_pckg.JupiterToysTests" name="testContactFormSubmission" time="9.034"/>
  <testcase classname="Jupitertoys_pckg.JupiterToysTests" name="testContactFormSubmission" time="10.007"/>
  <testcase classname="Jupitertoys_pckg.JupiterToysTests" name="testContactFormSubmission" time="11.916"/>
  <testcase classname="Jupitertoys_pckg.JupiterToysTests" name="testContactFormSubmission" time="19.217"/>
  <testcase classname="Jupitertoys_pckg.JupiterToysTests" name="testContactFormSubmission" time="8.599"/>
  <testcase classname="Jupitertoys_pckg.JupiterToysTests" name="testCartCalculations" time="18.439"/>
</testsuite> <!-- JupiterToys_Tests -->
