<?xml version="1.0" encoding="UTF-8"?>
<!-- Generated by org.testng.reporters.JUnitXMLReporter -->
<testsuite ignored="0" hostname="DESKTOP-JMBCUKC" failures="0" tests="7" name="Default test" time="112.875" errors="0" timestamp="2025-03-01T01:23:20 ACDT">
  <testcase classname="Jupitertoys_pckg.JupiterToysTests" name="testContactForm" time="7.848"/>
  <testcase classname="Jupitertoys_pckg.JupiterToysTests" name="testContactFormSubmission" time="9.467"/>
  <testcase classname="Jupitertoys_pckg.JupiterToysTests" name="testContactFormSubmission" time="8.994"/>
  <testcase classname="Jupitertoys_pckg.JupiterToysTests" name="testContactFormSubmission" time="10.665"/>
  <testcase classname="Jupitertoys_pckg.JupiterToysTests" name="testContactFormSubmission" time="10.212"/>
  <testcase classname="Jupitertoys_pckg.JupiterToysTests" name="testContactFormSubmission" time="18.318"/>
  <testcase classname="Jupitertoys_pckg.JupiterToysTests" name="testCartCalculations" time="20.304"/>
</testsuite> <!-- Default test -->
