<?xml version="1.0" encoding="UTF-8"?>
<testng-results ignored="0" total="7" passed="7" failed="0" skipped="0">
  <reporter-output>
  </reporter-output>
  <suite started-at="2025-03-01T01:21:27 ACDT" name="Default suite" finished-at="2025-03-01T01:23:20 ACDT" duration-ms="112875">
    <groups>
    </groups>
    <test started-at="2025-03-01T01:21:27 ACDT" name="Default test" finished-at="2025-03-01T01:23:20 ACDT" duration-ms="112875">
      <class name="Jupitertoys_pckg.JupiterToysTests">
        <test-method is-config="true" signature="beforeClass()[pri:0, instance:Jupitertoys_pckg.JupiterToysTests@515aebb0]" started-at="2025-03-01T01:21:27 ACDT" name="beforeClass" finished-at="2025-03-01T01:21:34 ACDT" duration-ms="6616" status="PASS">
          <reporter-output>
          </reporter-output>
        </test-method> <!-- beforeClass -->
        <test-method signature="testContactForm()[pri:0, instance:Jupitertoys_pckg.JupiterToysTests@515aebb0]" started-at="2025-03-01T01:21:34 ACDT" name="testContactForm" description="Verify contact page form validation and submission" finished-at="2025-03-01T01:21:42 ACDT" duration-ms="7848" status="PASS">
          <reporter-output>
          </reporter-output>
        </test-method> <!-- testContactForm -->
        <test-method is-config="true" signature="afterClass()[pri:0, instance:Jupitertoys_pckg.JupiterToysTests@515aebb0]" started-at="2025-03-01T01:21:42 ACDT" name="afterClass" finished-at="2025-03-01T01:21:43 ACDT" duration-ms="814" status="PASS">
          <reporter-output>
          </reporter-output>
        </test-method> <!-- afterClass -->
        <test-method is-config="true" signature="beforeClass()[pri:0, instance:Jupitertoys_pckg.JupiterToysTests@515aebb0]" started-at="2025-03-01T01:21:43 ACDT" name="beforeClass" finished-at="2025-03-01T01:21:45 ACDT" duration-ms="2067" status="PASS">
          <reporter-output>
          </reporter-output>
        </test-method> <!-- beforeClass -->
        <test-method signature="testContactFormSubmission()[pri:1, instance:Jupitertoys_pckg.JupiterToysTests@515aebb0]" started-at="2025-03-01T01:21:45 ACDT" name="testContactFormSubmission" description="Verify contact page form submission and success message" finished-at="2025-03-01T01:21:54 ACDT" duration-ms="9467" status="PASS">
          <reporter-output>
          </reporter-output>
        </test-method> <!-- testContactFormSubmission -->
        <test-method is-config="true" signature="afterClass()[pri:0, instance:Jupitertoys_pckg.JupiterToysTests@515aebb0]" started-at="2025-03-01T01:21:54 ACDT" name="afterClass" finished-at="2025-03-01T01:21:55 ACDT" duration-ms="561" status="PASS">
          <reporter-output>
          </reporter-output>
        </test-method> <!-- afterClass -->
        <test-method is-config="true" signature="beforeClass()[pri:0, instance:Jupitertoys_pckg.JupiterToysTests@515aebb0]" started-at="2025-03-01T01:21:55 ACDT" name="beforeClass" finished-at="2025-03-01T01:21:57 ACDT" duration-ms="1984" status="PASS">
          <reporter-output>
          </reporter-output>
        </test-method> <!-- beforeClass -->
        <test-method signature="testContactFormSubmission()[pri:1, instance:Jupitertoys_pckg.JupiterToysTests@515aebb0]" started-at="2025-03-01T01:21:57 ACDT" name="testContactFormSubmission" description="Verify contact page form submission and success message" finished-at="2025-03-01T01:22:06 ACDT" duration-ms="8994" status="PASS">
          <reporter-output>
          </reporter-output>
        </test-method> <!-- testContactFormSubmission -->
        <test-method is-config="true" signature="afterClass()[pri:0, instance:Jupitertoys_pckg.JupiterToysTests@515aebb0]" started-at="2025-03-01T01:22:06 ACDT" name="afterClass" finished-at="2025-03-01T01:22:07 ACDT" duration-ms="871" status="PASS">
          <reporter-output>
          </reporter-output>
        </test-method> <!-- afterClass -->
        <test-method is-config="true" signature="beforeClass()[pri:0, instance:Jupitertoys_pckg.JupiterToysTests@515aebb0]" started-at="2025-03-01T01:22:07 ACDT" name="beforeClass" finished-at="2025-03-01T01:22:09 ACDT" duration-ms="2253" status="PASS">
          <reporter-output>
          </reporter-output>
        </test-method> <!-- beforeClass -->
        <test-method signature="testContactFormSubmission()[pri:1, instance:Jupitertoys_pckg.JupiterToysTests@515aebb0]" started-at="2025-03-01T01:22:09 ACDT" name="testContactFormSubmission" description="Verify contact page form submission and success message" finished-at="2025-03-01T01:22:20 ACDT" duration-ms="10665" status="PASS">
          <reporter-output>
          </reporter-output>
        </test-method> <!-- testContactFormSubmission -->
        <test-method is-config="true" signature="afterClass()[pri:0, instance:Jupitertoys_pckg.JupiterToysTests@515aebb0]" started-at="2025-03-01T01:22:20 ACDT" name="afterClass" finished-at="2025-03-01T01:22:21 ACDT" duration-ms="1423" status="PASS">
          <reporter-output>
          </reporter-output>
        </test-method> <!-- afterClass -->
        <test-method is-config="true" signature="beforeClass()[pri:0, instance:Jupitertoys_pckg.JupiterToysTests@515aebb0]" started-at="2025-03-01T01:22:21 ACDT" name="beforeClass" finished-at="2025-03-01T01:22:23 ACDT" duration-ms="2516" status="PASS">
          <reporter-output>
          </reporter-output>
        </test-method> <!-- beforeClass -->
        <test-method signature="testContactFormSubmission()[pri:1, instance:Jupitertoys_pckg.JupiterToysTests@515aebb0]" started-at="2025-03-01T01:22:23 ACDT" name="testContactFormSubmission" description="Verify contact page form submission and success message" finished-at="2025-03-01T01:22:34 ACDT" duration-ms="10212" status="PASS">
          <reporter-output>
          </reporter-output>
        </test-method> <!-- testContactFormSubmission -->
        <test-method is-config="true" signature="afterClass()[pri:0, instance:Jupitertoys_pckg.JupiterToysTests@515aebb0]" started-at="2025-03-01T01:22:34 ACDT" name="afterClass" finished-at="2025-03-01T01:22:35 ACDT" duration-ms="950" status="PASS">
          <reporter-output>
          </reporter-output>
        </test-method> <!-- afterClass -->
        <test-method is-config="true" signature="beforeClass()[pri:0, instance:Jupitertoys_pckg.JupiterToysTests@515aebb0]" started-at="2025-03-01T01:22:35 ACDT" name="beforeClass" finished-at="2025-03-01T01:22:37 ACDT" duration-ms="2050" status="PASS">
          <reporter-output>
          </reporter-output>
        </test-method> <!-- beforeClass -->
        <test-method signature="testContactFormSubmission()[pri:1, instance:Jupitertoys_pckg.JupiterToysTests@515aebb0]" started-at="2025-03-01T01:22:37 ACDT" name="testContactFormSubmission" description="Verify contact page form submission and success message" finished-at="2025-03-01T01:22:55 ACDT" duration-ms="18318" status="PASS">
          <reporter-output>
          </reporter-output>
        </test-method> <!-- testContactFormSubmission -->
        <test-method is-config="true" signature="afterClass()[pri:0, instance:Jupitertoys_pckg.JupiterToysTests@515aebb0]" started-at="2025-03-01T01:22:55 ACDT" name="afterClass" finished-at="2025-03-01T01:22:57 ACDT" duration-ms="1722" status="PASS">
          <reporter-output>
          </reporter-output>
        </test-method> <!-- afterClass -->
        <test-method is-config="true" signature="beforeClass()[pri:0, instance:Jupitertoys_pckg.JupiterToysTests@515aebb0]" started-at="2025-03-01T01:22:57 ACDT" name="beforeClass" finished-at="2025-03-01T01:22:59 ACDT" duration-ms="1961" status="PASS">
          <reporter-output>
          </reporter-output>
        </test-method> <!-- beforeClass -->
        <test-method signature="testCartCalculations()[pri:2, instance:Jupitertoys_pckg.JupiterToysTests@515aebb0]" started-at="2025-03-01T01:22:59 ACDT" name="testCartCalculations" description="Verify cart calculations" finished-at="2025-03-01T01:23:19 ACDT" duration-ms="20304" status="PASS">
          <reporter-output>
          </reporter-output>
        </test-method> <!-- testCartCalculations -->
        <test-method is-config="true" signature="afterClass()[pri:0, instance:Jupitertoys_pckg.JupiterToysTests@515aebb0]" started-at="2025-03-01T01:23:19 ACDT" name="afterClass" finished-at="2025-03-01T01:23:20 ACDT" duration-ms="1113" status="PASS">
          <reporter-output>
          </reporter-output>
        </test-method> <!-- afterClass -->
      </class> <!-- Jupitertoys_pckg.JupiterToysTests -->
    </test> <!-- Default test -->
  </suite> <!-- Default suite -->
</testng-results>
